<?xml version="1.0" encoding="UTF-8"?>
<testng-results ignored="0" total="9" passed="8" failed="1" skipped="0">
  <reporter-output>
  </reporter-output>
  <suite started-at="2024-06-17T21:42:01 IST" name="RegressionsSuite" finished-at="2024-06-17T21:43:10 IST" duration-ms="68737">
    <groups>
    </groups>
    <test started-at="2024-06-17T21:42:01 IST" name="RegressionTest" finished-at="2024-06-17T21:43:10 IST" duration-ms="68737">
      <class name="com.opencart.testlayer.LoginTest">
        <test-method is-config="true" signature="start()[pri:0, instance:com.opencart.testlayer.LoginTest@4c371370]" started-at="2024-06-17T21:42:01 IST" name="start" finished-at="2024-06-17T21:42:01 IST" duration-ms="134" status="PASS">
          <reporter-output>
          </reporter-output>
        </test-method> <!-- start -->
        <test-method is-config="true" signature="SetUp()[pri:0, instance:com.opencart.testlayer.LoginTest@4c371370]" started-at="2024-06-17T21:42:01 IST" name="SetUp" finished-at="2024-06-17T21:42:10 IST" duration-ms="8755" status="PASS">
          <reporter-output>
          </reporter-output>
        </test-method> <!-- SetUp -->
        <test-method signature="verifylogintestwithinvalidcredentials()[pri:0, instance:com.opencart.testlayer.LoginTest@4c371370]" started-at="2024-06-17T21:42:10 IST" name="verifylogintestwithinvalidcredentials" finished-at="2024-06-17T21:42:11 IST" duration-ms="1139" status="PASS">
          <reporter-output>
          </reporter-output>
        </test-method> <!-- verifylogintestwithinvalidcredentials -->
        <test-method is-config="true" signature="TearDown()[pri:0, instance:com.opencart.testlayer.LoginTest@4c371370]" started-at="2024-06-17T21:42:11 IST" name="TearDown" finished-at="2024-06-17T21:42:11 IST" duration-ms="203" status="PASS">
          <reporter-output>
          </reporter-output>
        </test-method> <!-- TearDown -->
        <test-method is-config="true" signature="SetUp()[pri:0, instance:com.opencart.testlayer.LoginTest@4c371370]" started-at="2024-06-17T21:42:11 IST" name="SetUp" finished-at="2024-06-17T21:42:14 IST" duration-ms="3018" status="PASS">
          <reporter-output>
          </reporter-output>
        </test-method> <!-- SetUp -->
        <test-method signature="verifylogintestwithvalidcredentials()[pri:0, instance:com.opencart.testlayer.LoginTest@4c371370]" started-at="2024-06-17T21:42:14 IST" name="verifylogintestwithvalidcredentials" finished-at="2024-06-17T21:42:16 IST" duration-ms="1604" status="PASS">
          <reporter-output>
          </reporter-output>
        </test-method> <!-- verifylogintestwithvalidcredentials -->
        <test-method is-config="true" signature="TearDown()[pri:0, instance:com.opencart.testlayer.LoginTest@4c371370]" started-at="2024-06-17T21:42:16 IST" name="TearDown" finished-at="2024-06-17T21:42:16 IST" duration-ms="190" status="PASS">
          <reporter-output>
          </reporter-output>
        </test-method> <!-- TearDown -->
        <test-method is-config="true" signature="end()[pri:0, instance:com.opencart.testlayer.LoginTest@4c371370]" started-at="2024-06-17T21:43:10 IST" name="end" finished-at="2024-06-17T21:43:10 IST" duration-ms="0" status="PASS">
          <reporter-output>
          </reporter-output>
        </test-method> <!-- end -->
      </class> <!-- com.opencart.testlayer.LoginTest -->
      <class name="com.opencart.testlayer.CheckOutTest">
        <test-method is-config="true" signature="SetUp()[pri:0, instance:com.opencart.testlayer.CheckOutTest@2a4fb17b]" started-at="2024-06-17T21:42:49 IST" name="SetUp" finished-at="2024-06-17T21:42:52 IST" duration-ms="3026" status="PASS">
          <reporter-output>
          </reporter-output>
        </test-method> <!-- SetUp -->
        <test-method signature="verifymacbookcheckouttestcase()[pri:0, instance:com.opencart.testlayer.CheckOutTest@2a4fb17b]" started-at="2024-06-17T21:42:52 IST" name="verifymacbookcheckouttestcase" finished-at="2024-06-17T21:42:54 IST" duration-ms="1922" status="PASS">
          <reporter-output>
          </reporter-output>
        </test-method> <!-- verifymacbookcheckouttestcase -->
        <test-method is-config="true" signature="TearDown()[pri:0, instance:com.opencart.testlayer.CheckOutTest@2a4fb17b]" started-at="2024-06-17T21:42:54 IST" name="TearDown" finished-at="2024-06-17T21:42:54 IST" duration-ms="172" status="PASS">
          <reporter-output>
          </reporter-output>
        </test-method> <!-- TearDown -->
      </class> <!-- com.opencart.testlayer.CheckOutTest -->
      <class name="com.opencart.testlayer.LogoutTest">
        <test-method is-config="true" signature="SetUp()[pri:0, instance:com.opencart.testlayer.LogoutTest@5c6648b0]" started-at="2024-06-17T21:42:54 IST" name="SetUp" finished-at="2024-06-17T21:42:56 IST" duration-ms="2732" status="PASS">
          <reporter-output>
          </reporter-output>
        </test-method> <!-- SetUp -->
        <test-method signature="verifylogouttest()[pri:0, instance:com.opencart.testlayer.LogoutTest@5c6648b0]" started-at="2024-06-17T21:42:56 IST" name="verifylogouttest" finished-at="2024-06-17T21:42:59 IST" duration-ms="2252" status="PASS">
          <reporter-output>
          </reporter-output>
        </test-method> <!-- verifylogouttest -->
        <test-method is-config="true" signature="TearDown()[pri:0, instance:com.opencart.testlayer.LogoutTest@5c6648b0]" started-at="2024-06-17T21:42:59 IST" name="TearDown" finished-at="2024-06-17T21:42:59 IST" duration-ms="180" status="PASS">
          <reporter-output>
          </reporter-output>
        </test-method> <!-- TearDown -->
        <test-method is-config="true" signature="SetUp()[pri:0, instance:com.opencart.testlayer.LogoutTest@5c6648b0]" started-at="2024-06-17T21:42:59 IST" name="SetUp" finished-at="2024-06-17T21:43:02 IST" duration-ms="2973" status="PASS">
          <reporter-output>
          </reporter-output>
        </test-method> <!-- SetUp -->
        <test-method signature="verifylogouttestwithlogoutoptionfromright()[pri:0, instance:com.opencart.testlayer.LogoutTest@5c6648b0]" started-at="2024-06-17T21:43:02 IST" name="verifylogouttestwithlogoutoptionfromright" finished-at="2024-06-17T21:43:09 IST" duration-ms="7569" status="PASS">
          <reporter-output>
          </reporter-output>
        </test-method> <!-- verifylogouttestwithlogoutoptionfromright -->
        <test-method is-config="true" signature="TearDown()[pri:0, instance:com.opencart.testlayer.LogoutTest@5c6648b0]" started-at="2024-06-17T21:43:09 IST" name="TearDown" finished-at="2024-06-17T21:43:10 IST" duration-ms="178" status="PASS">
          <reporter-output>
          </reporter-output>
        </test-method> <!-- TearDown -->
      </class> <!-- com.opencart.testlayer.LogoutTest -->
      <class name="com.opencart.testlayer.RegisterTest">
        <test-method is-config="true" signature="SetUp()[pri:0, instance:com.opencart.testlayer.RegisterTest@34a3d150]" started-at="2024-06-17T21:42:16 IST" name="SetUp" finished-at="2024-06-17T21:42:20 IST" duration-ms="3886" status="PASS">
          <reporter-output>
          </reporter-output>
        </test-method> <!-- SetUp -->
        <test-method signature="verifyregisteraccountwithexistingcredentialls()[pri:0, instance:com.opencart.testlayer.RegisterTest@34a3d150]" started-at="2024-06-17T21:42:20 IST" name="verifyregisteraccountwithexistingcredentialls" finished-at="2024-06-17T21:42:22 IST" duration-ms="2398" status="PASS">
          <reporter-output>
          </reporter-output>
        </test-method> <!-- verifyregisteraccountwithexistingcredentialls -->
        <test-method is-config="true" signature="TearDown()[pri:0, instance:com.opencart.testlayer.RegisterTest@34a3d150]" started-at="2024-06-17T21:42:22 IST" name="TearDown" finished-at="2024-06-17T21:42:22 IST" duration-ms="183" status="PASS">
          <reporter-output>
          </reporter-output>
        </test-method> <!-- TearDown -->
        <test-method is-config="true" signature="SetUp()[pri:0, instance:com.opencart.testlayer.RegisterTest@34a3d150]" started-at="2024-06-17T21:42:22 IST" name="SetUp" finished-at="2024-06-17T21:42:26 IST" duration-ms="3213" status="PASS">
          <reporter-output>
          </reporter-output>
        </test-method> <!-- SetUp -->
        <test-method signature="verifyregisteraccountwithvalidcredentials()[pri:0, instance:com.opencart.testlayer.RegisterTest@34a3d150]" started-at="2024-06-17T21:42:26 IST" name="verifyregisteraccountwithvalidcredentials" finished-at="2024-06-17T21:42:38 IST" duration-ms="12210" status="FAIL">
          <exception class="org.openqa.selenium.NoSuchElementException">
            <message>
              <![CDATA[no such element: Unable to locate element: {"method":"xpath","selector":"//h1[contains(text(),"Your Account Has Been Created!")]"}
  (Session info: chrome=125.0.6422.176)
For documentation on this error, please visit: https://www.selenium.dev/documentation/webdriver/troubleshooting/errors#no-such-element-exception
Build info: version: '4.21.0', revision: '79ed462ef4'
System info: os.name: 'Windows 11', os.arch: 'amd64', os.version: '10.0', java.version: '18.0.2.1'
Driver info: org.openqa.selenium.chrome.ChromeDriver
Command: [c01aff5df9c5bf4902a4d09dfc274638, findElement {value=//h1[contains(text(),"Your Account Has Been Created!")], using=xpath}]
Capabilities {acceptInsecureCerts: false, browserName: chrome, browserVersion: 125.0.6422.176, chrome: {chromedriverVersion: 125.0.6422.141 (4b1e8393712..., userDataDir: C:\Users\DELL\AppData\Local...}, fedcm:accounts: true, goog:chromeOptions: {debuggerAddress: localhost:52227}, networkConnectionEnabled: false, pageLoadStrategy: normal, platformName: windows, proxy: Proxy(), se:cdp: ws://localhost:52227/devtoo..., se:cdpVersion: 125.0.6422.176, setWindowRect: true, strictFileInteractability: false, timeouts: {implicit: 0, pageLoad: 300000, script: 30000}, unhandledPromptBehavior: dismiss and notify, webauthn:extension:credBlob: true, webauthn:extension:largeBlob: true, webauthn:extension:minPinLength: true, webauthn:extension:prf: true, webauthn:virtualAuthenticators: true}
Session ID: c01aff5df9c5bf4902a4d09dfc274638]]>
            </message>
            <full-stacktrace>
              <![CDATA[org.openqa.selenium.NoSuchElementException: no such element: Unable to locate element: {"method":"xpath","selector":"//h1[contains(text(),"Your Account Has Been Created!")]"}
  (Session info: chrome=125.0.6422.176)
For documentation on this error, please visit: https://www.selenium.dev/documentation/webdriver/troubleshooting/errors#no-such-element-exception
Build info: version: '4.21.0', revision: '79ed462ef4'
System info: os.name: 'Windows 11', os.arch: 'amd64', os.version: '10.0', java.version: '18.0.2.1'
Driver info: org.openqa.selenium.chrome.ChromeDriver
Command: [c01aff5df9c5bf4902a4d09dfc274638, findElement {value=//h1[contains(text(),"Your Account Has Been Created!")], using=xpath}]
Capabilities {acceptInsecureCerts: false, browserName: chrome, browserVersion: 125.0.6422.176, chrome: {chromedriverVersion: 125.0.6422.141 (4b1e8393712..., userDataDir: C:\Users\DELL\AppData\Local...}, fedcm:accounts: true, goog:chromeOptions: {debuggerAddress: localhost:52227}, networkConnectionEnabled: false, pageLoadStrategy: normal, platformName: windows, proxy: Proxy(), se:cdp: ws://localhost:52227/devtoo..., se:cdpVersion: 125.0.6422.176, setWindowRect: true, strictFileInteractability: false, timeouts: {implicit: 0, pageLoad: 300000, script: 30000}, unhandledPromptBehavior: dismiss and notify, webauthn:extension:credBlob: true, webauthn:extension:largeBlob: true, webauthn:extension:minPinLength: true, webauthn:extension:prf: true, webauthn:virtualAuthenticators: true}
Session ID: c01aff5df9c5bf4902a4d09dfc274638
at java.base/jdk.internal.reflect.DirectConstructorHandleAccessor.newInstance(DirectConstructorHandleAccessor.java:67)
at java.base/java.lang.reflect.Constructor.newInstanceWithCaller(Constructor.java:499)
at java.base/java.lang.reflect.Constructor.newInstance(Constructor.java:483)
at org.openqa.selenium.remote.ErrorCodec.decode(ErrorCodec.java:167)
at org.openqa.selenium.remote.codec.w3c.W3CHttpResponseCodec.decode(W3CHttpResponseCodec.java:138)
at org.openqa.selenium.remote.codec.w3c.W3CHttpResponseCodec.decode(W3CHttpResponseCodec.java:50)
at org.openqa.selenium.remote.HttpCommandExecutor.execute(HttpCommandExecutor.java:190)
at org.openqa.selenium.remote.service.DriverCommandExecutor.invokeExecute(DriverCommandExecutor.java:216)
at org.openqa.selenium.remote.service.DriverCommandExecutor.execute(DriverCommandExecutor.java:174)
at org.openqa.selenium.remote.RemoteWebDriver.execute(RemoteWebDriver.java:518)
at org.openqa.selenium.remote.ElementLocation$ElementFinder$2.findElement(ElementLocation.java:165)
at org.openqa.selenium.remote.ElementLocation.findElement(ElementLocation.java:59)
at org.openqa.selenium.remote.RemoteWebDriver.findElement(RemoteWebDriver.java:355)
at org.openqa.selenium.remote.RemoteWebDriver.findElement(RemoteWebDriver.java:349)
at org.openqa.selenium.support.pagefactory.DefaultElementLocator.findElement(DefaultElementLocator.java:68)
at org.openqa.selenium.support.pagefactory.internal.LocatingElementHandler.invoke(LocatingElementHandler.java:38)
at jdk.proxy2/jdk.proxy2.$Proxy15.getText(Unknown Source)
at com.opencart.pagelayer.RegisterPage.getsuccessmsg(RegisterPage.java:122)
at com.opencart.testlayer.RegisterTest.verifyregisteraccountwithvalidcredentials(RegisterTest.java:85)
at java.base/jdk.internal.reflect.DirectMethodHandleAccessor.invoke(DirectMethodHandleAccessor.java:104)
at java.base/java.lang.reflect.Method.invoke(Method.java:577)
at org.testng.internal.invokers.MethodInvocationHelper.invokeMethod(MethodInvocationHelper.java:139)
at org.testng.internal.invokers.TestInvoker.invokeMethod(TestInvoker.java:664)
at org.testng.internal.invokers.TestInvoker.invokeTestMethod(TestInvoker.java:227)
at org.testng.internal.invokers.MethodRunner.runInSequence(MethodRunner.java:50)
at org.testng.internal.invokers.TestInvoker$MethodInvocationAgent.invoke(TestInvoker.java:957)
at org.testng.internal.invokers.TestInvoker.invokeTestMethods(TestInvoker.java:200)
at org.testng.internal.invokers.TestMethodWorker.invokeTestMethods(TestMethodWorker.java:148)
at org.testng.internal.invokers.TestMethodWorker.run(TestMethodWorker.java:128)
at java.base/java.util.ArrayList.forEach(ArrayList.java:1511)
at org.testng.TestRunner.privateRun(TestRunner.java:848)
at org.testng.TestRunner.run(TestRunner.java:621)
at org.testng.SuiteRunner.runTest(SuiteRunner.java:443)
at org.testng.SuiteRunner.runSequentially(SuiteRunner.java:437)
at org.testng.SuiteRunner.privateRun(SuiteRunner.java:397)
at org.testng.SuiteRunner.run(SuiteRunner.java:336)
at org.testng.SuiteRunnerWorker.runSuite(SuiteRunnerWorker.java:52)
at org.testng.SuiteRunnerWorker.run(SuiteRunnerWorker.java:95)
at org.testng.TestNG.runSuitesSequentially(TestNG.java:1280)
at org.testng.TestNG.runSuitesLocally(TestNG.java:1200)
at org.testng.TestNG.runSuites(TestNG.java:1114)
at org.testng.TestNG.run(TestNG.java:1082)
at org.testng.remote.AbstractRemoteTestNG.run(AbstractRemoteTestNG.java:115)
at org.testng.remote.RemoteTestNG.initAndRun(RemoteTestNG.java:251)
at org.testng.remote.RemoteTestNG.main(RemoteTestNG.java:77)
]]>
            </full-stacktrace>
          </exception> <!-- org.openqa.selenium.NoSuchElementException -->
          <reporter-output>
          </reporter-output>
        </test-method> <!-- verifyregisteraccountwithvalidcredentials -->
        <test-method is-config="true" signature="TearDown()[pri:0, instance:com.opencart.testlayer.RegisterTest@34a3d150]" started-at="2024-06-17T21:42:38 IST" name="TearDown" finished-at="2024-06-17T21:42:38 IST" duration-ms="198" status="PASS">
          <reporter-output>
          </reporter-output>
        </test-method> <!-- TearDown -->
        <test-method is-config="true" signature="SetUp()[pri:0, instance:com.opencart.testlayer.RegisterTest@34a3d150]" started-at="2024-06-17T21:42:38 IST" name="SetUp" finished-at="2024-06-17T21:42:41 IST" duration-ms="3125" status="PASS">
          <reporter-output>
          </reporter-output>
        </test-method> <!-- SetUp -->
        <test-method signature="verifyregisterpasswordandconfirmpassword()[pri:0, instance:com.opencart.testlayer.RegisterTest@34a3d150]" started-at="2024-06-17T21:42:41 IST" name="verifyregisterpasswordandconfirmpassword" finished-at="2024-06-17T21:42:43 IST" duration-ms="2157" status="PASS">
          <reporter-output>
          </reporter-output>
        </test-method> <!-- verifyregisterpasswordandconfirmpassword -->
        <test-method is-config="true" signature="TearDown()[pri:0, instance:com.opencart.testlayer.RegisterTest@34a3d150]" started-at="2024-06-17T21:42:43 IST" name="TearDown" finished-at="2024-06-17T21:42:44 IST" duration-ms="189" status="PASS">
          <reporter-output>
          </reporter-output>
        </test-method> <!-- TearDown -->
        <test-method is-config="true" signature="SetUp()[pri:0, instance:com.opencart.testlayer.RegisterTest@34a3d150]" started-at="2024-06-17T21:42:44 IST" name="SetUp" finished-at="2024-06-17T21:42:46 IST" duration-ms="2776" status="PASS">
          <reporter-output>
          </reporter-output>
        </test-method> <!-- SetUp -->
        <test-method signature="verifyregisterpasswordandconfirmpasswordwithsubscribeoption()[pri:0, instance:com.opencart.testlayer.RegisterTest@34a3d150]" started-at="2024-06-17T21:42:46 IST" name="verifyregisterpasswordandconfirmpasswordwithsubscribeoption" finished-at="2024-06-17T21:42:48 IST" duration-ms="1995" status="PASS">
          <reporter-output>
          </reporter-output>
        </test-method> <!-- verifyregisterpasswordandconfirmpasswordwithsubscribeoption -->
        <test-method is-config="true" signature="TearDown()[pri:0, instance:com.opencart.testlayer.RegisterTest@34a3d150]" started-at="2024-06-17T21:42:48 IST" name="TearDown" finished-at="2024-06-17T21:42:49 IST" duration-ms="173" status="PASS">
          <reporter-output>
          </reporter-output>
        </test-method> <!-- TearDown -->
      </class> <!-- com.opencart.testlayer.RegisterTest -->
    </test> <!-- RegressionTest -->
  </suite> <!-- RegressionsSuite -->
</testng-results>
